<?xml version="1.0" encoding="UTF-8"?>
<!-- Generated by org.testng.reporters.JUnitReportReporter -->
<testsuite hostname="PHEGDE" name="SwiftSeleniumWeb.WebDriverTest" tests="4" failures="0" timestamp="20 Jan 2016 16:54:18 GMT" time="0.016" errors="0">
  <testcase name="f" time="0.016" classname="SwiftSeleniumWeb.WebDriverTest"/>
  <testcase name="BookFlight" time="0.000" classname="SwiftSeleniumWeb.WebDriverTest"/>
  <testcase name="Login" time="0.000" classname="SwiftSeleniumWeb.WebDriverTest"/>
  <testcase name="f" time="0.000" classname="SwiftSeleniumWeb.WebDriverTest"/>
</testsuite> <!-- SwiftSeleniumWeb.WebDriverTest -->
