<?xml version="1.0" encoding="UTF-8"?>
<!-- Generated by org.testng.reporters.JUnitReportReporter -->
<testsuite hostname="PHEGDE" name="Android.SimpleAndroidCalcTest" tests="1" failures="0" timestamp="1 May 2016 17:23:34 GMT" time="5.124" errors="0">
  <testcase name="Sum" time="5.124" classname="Android.SimpleAndroidCalcTest"/>
</testsuite> <!-- Android.SimpleAndroidCalcTest -->
