<?xml version="1.0" encoding="UTF-8"?>
<!-- Generated by org.testng.reporters.JUnitReportReporter -->
<testsuite hostname="PHEGDE" name="automationFramework.MultiBrowser" tests="3" failures="0" timestamp="11 Feb 2016 15:27:03 GMT" time="8.509" errors="1">
  <testcase name="login" time="3.355" classname="automationFramework.MultiBrowser"/>
  <testcase name="login" time="0.002" classname="automationFramework.MultiBrowser">
    <error type="org.openqa.selenium.WebDriverException" message="Failed to connect to binary FirefoxBinary(C:\Program Files (x86)\Mozilla Firefox\firefox.exe) on port 7055; process output follows: 
Lab&quot;,&quot;creator&quot;:null,&quot;homepageURL&quot;:null},{&quot;locales&quot;:[&quot;en&quot;],&quot;name&quot;:&quot;Kaspersky Protection&quot;,&quot;description&quot;:&quot;Your protection on the Internet with extension from Kaspersky Lab&quot;,&quot;creator&quot;:null,&quot;homepageURL&quot;:null},{&quot;locales&quot;:[&quot;es-MX&quot;],&quot;name&quot;:&quot;Kaspersky Protection&quot;,&quot;description&quot;:&quot;Su protecciÃ³n en Internet con la extensiÃ³n de Kaspersky Lab&quot;,&quot;creator&quot;:null,&quot;homepageURL&quot;:null},{&quot;locales&quot;:[&quot;et&quot;],&quot;name&quot;:&quot;Kaspersky Kaitse&quot;,&quot;description&quot;:&quot;Your protection on the Internet with extension from Kaspersky Lab&quot;,&quot;creator&quot;:null,&quot;homepageURL&quot;:null},{&quot;locales&quot;:[&quot;fi&quot;],&quot;name&quot;:&quot;Kaspersky Protection&quot;,&quot;description&quot;:&quot;Suojauksesi InternetissÃ¤ kÃ¤yttÃ¤en Kaspersky Labin laajennusta&quot;,&quot;creator&quot;:null,&quot;homepageURL&quot;:null},{&quot;locales&quot;:[&quot;fr&quot;],&quot;name&quot;:&quot;Kaspersky Protection&quot;,&quot;description&quot;:&quot;Votre protection sur Internet avec l\\&quot;,&quot;creator&quot;:null,&quot;homepageURL&quot;:null},{&quot;locales&quot;:[&quot;hu&quot;],&quot;name&quot;:&quot;Kaspersky vï¿½delem&quot;,&quot;description&quot;:&quot;Your protection on the Internet with extension from Kaspersky Lab&quot;,&quot;creator&quot;:null,&quot;homepageURL&quot;:null},{&quot;locales&quot;:[&quot;ja&quot;],&quot;name&quot;:&quot;ã‚«ã‚¹ãƒšãƒ«ã‚¹ã‚­ãƒ¼ ãƒ—ãƒ©ã‚°ã‚¤ãƒ³&quot;,&quot;description&quot;:&quot;ã‚¤ãƒ³ã‚¿ãƒ¼ãƒ�ãƒƒãƒˆã‚’å®‰å…¨ã�«ä½¿ç”¨ã�™ã‚‹ã�Ÿã‚�ã�® Kaspersky Lab ã�®æ‹¡å¼µæ©Ÿèƒ½&quot;,&quot;creator&quot;:null,&quot;homepageURL&quot;:null},{&quot;locales&quot;:[&quot;mk&quot;],&quot;name&quot;:&quot;Kaspersky Protection&quot;,&quot;description&quot;:&quot;Ð’Ð°ÑˆÐ° Ð·Ð°ÑˆÑ‚Ð¸Ñ‚Ð° Ð½Ð° Ð¸Ð½Ñ‚ÐµÑ€Ð½ÐµÑ‚ Ñ�Ð¾ Ð´Ð¾Ð´Ð°Ñ‚Ð¾Ðº Ð¾Ð´ Kaspersky Lab&quot;,&quot;creator&quot;:null,&quot;homepageURL&quot;:null},{&quot;locales&quot;:[&quot;nb&quot;],&quot;name&quot;:&quot;Kaspersky Protection&quot;,&quot;description&quot;:&quot;Din beskyttelse pÃ¥ Internett med utvidelsen fra Kaspersky Lab&quot;,&quot;creator&quot;:null,&quot;homepageURL&quot;:null},{&quot;locales&quot;:[&quot;nl&quot;],&quot;name&quot;:&quot;Kaspersky Bescherming&quot;,&quot;description&quot;:&quot;Uw bescherming op het internet met de extensie van Kaspersky Lab&quot;,&quot;creator&quot;:null,&quot;homepageURL&quot;:null},{&quot;locales&quot;:[&quot;pt-BR&quot;],&quot;name&quot;:&quot;ProteÃ§Ã£o Kaspersky&quot;,&quot;description&quot;:&quot;Sua proteÃ§Ã£o na Internet com a extensÃ£o da Kaspersky Lab&quot;,&quot;creator&quot;:null,&quot;homepageURL&quot;:null},{&quot;locales&quot;:[&quot;ru&quot;],&quot;name&quot;:&quot;Kaspersky Protection&quot;,&quot;description&quot;:&quot;Ð’Ð°ÑˆÐ° Ð·Ð°Ñ‰Ð¸Ñ‚Ð° Ð² Ð¸Ð½Ñ‚ÐµÑ€Ð½ÐµÑ‚Ðµ Ñ� Ñ€Ð°Ñ�ÑˆÐ¸Ñ€ÐµÐ½Ð¸ÐµÐ¼ Ð¾Ñ‚ \\\&quot;Ð›Ð°Ð±Ð¾Ñ€Ð°Ñ‚Ð¾Ñ€Ð¸Ð¸ ÐšÐ°Ñ�Ð¿ÐµÑ€Ñ�ÐºÐ¾Ð³Ð¾\\\&quot;&quot;,&quot;creator&quot;:null,&quot;homepageURL&quot;:null},{&quot;locales&quot;:[&quot;sv&quot;],&quot;name&quot;:&quot;Kaspersky Protection&quot;,&quot;description&quot;:&quot;Ditt skydd pÃ¥ internet med tillÃ¤gg frÃ¥n Kaspersky Lab&quot;,&quot;creator&quot;:null,&quot;homepageURL&quot;:null},{&quot;locales&quot;:[&quot;zh-Hans&quot;],&quot;name&quot;:&quot;å�¡å·´æ–¯åŸºä¿�æŠ¤&quot;,&quot;description&quot;:&quot;ä½¿ç”¨å�¡å·´æ–¯åŸºå®žéªŒå®¤çš„æ‰©å±•åŠŸèƒ½å¯¹æ‚¨çš„äº’è�”ç½‘çš„ä¿�æŠ¤ã€‚&quot;,&quot;creator&quot;:null,&quot;homepageURL&quot;:null}],&quot;targetApplications&quot;:[{&quot;id&quot;:&quot;{ec8030f7-c20a-464f-9b0e-13a3a9e97384}&quot;,&quot;minVersion&quot;:&quot;26.0&quot;,&quot;maxVersion&quot;:&quot;30.0&quot;}],&quot;targetPlatforms&quot;:[],&quot;multiprocessCompatible&quot;:false,&quot;signedState&quot;:-2}
1455204403046	DeferredSave.extensions.json	DEBUG	Save changes
1455204403046	addons.xpi	DEBUG	Updating database with changes to installed add-ons
1455204403046	addons.xpi-utils	DEBUG	Updating add-on states
1455204403050	addons.xpi-utils	DEBUG	Writing add-ons list
1455204403108	addons.xpi	DEBUG	Registering manifest for C:\Program Files (x86)\Mozilla Firefox\browser\extensions\{82AF8DCA-6DE9-405D-BD5E-43525BDAD38A}.xpi
1455204403115	addons.xpi	DEBUG	Calling bootstrap method startup on {82AF8DCA-6DE9-405D-BD5E-43525BDAD38A} version 8.0.0.9103
1455204403674	addons.manager	DEBUG	Registering shutdown blocker for XPIProvider
1455204403675	addons.manager	DEBUG	Provider finished startup: XPIProvider
1455204403675	addons.manager	DEBUG	Starting provider: LightweightThemeManager
1455204403675	addons.manager	DEBUG	Registering shutdown blocker for LightweightThemeManager
1455204403676	addons.manager	DEBUG	Provider finished startup: LightweightThemeManager
1455204403677	addons.manager	DEBUG	Starting provider: GMPProvider
1455204403718	addons.manager	DEBUG	Registering shutdown blocker for GMPProvider
1455204403718	addons.manager	DEBUG	Provider finished startup: GMPProvider
1455204403719	addons.manager	DEBUG	Starting provider: PluginProvider
1455204403719	addons.manager	DEBUG	Registering shutdown blocker for PluginProvider
1455204403720	addons.manager	DEBUG	Provider finished startup: PluginProvider
1455204403720	addons.manager	DEBUG	Completed startup sequence

Build info: version: &#039;2.50.1&#039;, revision: &#039;d7fc91b&#039;, time: &#039;2016-01-29 19:04:49&#039;
System info: host: &#039;PHEGDE&#039;, ip: &#039;192.168.0.103&#039;, os.name: &#039;Windows NT (unknown)&#039;, os.arch: &#039;amd64&#039;, os.version: &#039;6.2&#039;, java.version: &#039;1.7.0_03&#039;
Driver info: driver.version: FirefoxDriver">
      <![CDATA[org.openqa.selenium.WebDriverException: Failed to connect to binary FirefoxBinary(C:\Program Files (x86)\Mozilla Firefox\firefox.exe) on port 7055; process output follows: 
Lab","creator":null,"homepageURL":null},{"locales":["en"],"name":"Kaspersky Protection","description":"Your protection on the Internet with extension from Kaspersky Lab","creator":null,"homepageURL":null},{"locales":["es-MX"],"name":"Kaspersky Protection","description":"Su protecciÃ³n en Internet con la extensiÃ³n de Kaspersky Lab","creator":null,"homepageURL":null},{"locales":["et"],"name":"Kaspersky Kaitse","description":"Your protection on the Internet with extension from Kaspersky Lab","creator":null,"homepageURL":null},{"locales":["fi"],"name":"Kaspersky Protection","description":"Suojauksesi InternetissÃ¤ kÃ¤yttÃ¤en Kaspersky Labin laajennusta","creator":null,"homepageURL":null},{"locales":["fr"],"name":"Kaspersky Protection","description":"Votre protection sur Internet avec l\\","creator":null,"homepageURL":null},{"locales":["hu"],"name":"Kaspersky vï¿½delem","description":"Your protection on the Internet with extension from Kaspersky Lab","creator":null,"homepageURL":null},{"locales":["ja"],"name":"ã‚«ã‚¹ãƒšãƒ«ã‚¹ã‚­ãƒ¼ ãƒ—ãƒ©ã‚°ã‚¤ãƒ³","description":"ã‚¤ãƒ³ã‚¿ãƒ¼ãƒ�ãƒƒãƒˆã‚’å®‰å…¨ã�«ä½¿ç”¨ã�™ã‚‹ã�Ÿã‚�ã�® Kaspersky Lab ã�®æ‹¡å¼µæ©Ÿèƒ½","creator":null,"homepageURL":null},{"locales":["mk"],"name":"Kaspersky Protection","description":"Ð’Ð°ÑˆÐ° Ð·Ð°ÑˆÑ‚Ð¸Ñ‚Ð° Ð½Ð° Ð¸Ð½Ñ‚ÐµÑ€Ð½ÐµÑ‚ Ñ�Ð¾ Ð´Ð¾Ð´Ð°Ñ‚Ð¾Ðº Ð¾Ð´ Kaspersky Lab","creator":null,"homepageURL":null},{"locales":["nb"],"name":"Kaspersky Protection","description":"Din beskyttelse pÃ¥ Internett med utvidelsen fra Kaspersky Lab","creator":null,"homepageURL":null},{"locales":["nl"],"name":"Kaspersky Bescherming","description":"Uw bescherming op het internet met de extensie van Kaspersky Lab","creator":null,"homepageURL":null},{"locales":["pt-BR"],"name":"ProteÃ§Ã£o Kaspersky","description":"Sua proteÃ§Ã£o na Internet com a extensÃ£o da Kaspersky Lab","creator":null,"homepageURL":null},{"locales":["ru"],"name":"Kaspersky Protection","description":"Ð’Ð°ÑˆÐ° Ð·Ð°Ñ‰Ð¸Ñ‚Ð° Ð² Ð¸Ð½Ñ‚ÐµÑ€Ð½ÐµÑ‚Ðµ Ñ� Ñ€Ð°Ñ�ÑˆÐ¸Ñ€ÐµÐ½Ð¸ÐµÐ¼ Ð¾Ñ‚ \\\"Ð›Ð°Ð±Ð¾Ñ€Ð°Ñ‚Ð¾Ñ€Ð¸Ð¸ ÐšÐ°Ñ�Ð¿ÐµÑ€Ñ�ÐºÐ¾Ð³Ð¾\\\"","creator":null,"homepageURL":null},{"locales":["sv"],"name":"Kaspersky Protection","description":"Ditt skydd pÃ¥ internet med tillÃ¤gg frÃ¥n Kaspersky Lab","creator":null,"homepageURL":null},{"locales":["zh-Hans"],"name":"å�¡å·´æ–¯åŸºä¿�æŠ¤","description":"ä½¿ç”¨å�¡å·´æ–¯åŸºå®žéªŒå®¤çš„æ‰©å±•åŠŸèƒ½å¯¹æ‚¨çš„äº’è�”ç½‘çš„ä¿�æŠ¤ã€‚","creator":null,"homepageURL":null}],"targetApplications":[{"id":"{ec8030f7-c20a-464f-9b0e-13a3a9e97384}","minVersion":"26.0","maxVersion":"30.0"}],"targetPlatforms":[],"multiprocessCompatible":false,"signedState":-2}
1455204403046	DeferredSave.extensions.json	DEBUG	Save changes
1455204403046	addons.xpi	DEBUG	Updating database with changes to installed add-ons
1455204403046	addons.xpi-utils	DEBUG	Updating add-on states
1455204403050	addons.xpi-utils	DEBUG	Writing add-ons list
1455204403108	addons.xpi	DEBUG	Registering manifest for C:\Program Files (x86)\Mozilla Firefox\browser\extensions\{82AF8DCA-6DE9-405D-BD5E-43525BDAD38A}.xpi
1455204403115	addons.xpi	DEBUG	Calling bootstrap method startup on {82AF8DCA-6DE9-405D-BD5E-43525BDAD38A} version 8.0.0.9103
1455204403674	addons.manager	DEBUG	Registering shutdown blocker for XPIProvider
1455204403675	addons.manager	DEBUG	Provider finished startup: XPIProvider
1455204403675	addons.manager	DEBUG	Starting provider: LightweightThemeManager
1455204403675	addons.manager	DEBUG	Registering shutdown blocker for LightweightThemeManager
1455204403676	addons.manager	DEBUG	Provider finished startup: LightweightThemeManager
1455204403677	addons.manager	DEBUG	Starting provider: GMPProvider
1455204403718	addons.manager	DEBUG	Registering shutdown blocker for GMPProvider
1455204403718	addons.manager	DEBUG	Provider finished startup: GMPProvider
1455204403719	addons.manager	DEBUG	Starting provider: PluginProvider
1455204403719	addons.manager	DEBUG	Registering shutdown blocker for PluginProvider
1455204403720	addons.manager	DEBUG	Provider finished startup: PluginProvider
1455204403720	addons.manager	DEBUG	Completed startup sequence

Build info: version: '2.50.1', revision: 'd7fc91b', time: '2016-01-29 19:04:49'
System info: host: 'PHEGDE', ip: '192.168.0.103', os.name: 'Windows NT (unknown)', os.arch: 'amd64', os.version: '6.2', java.version: '1.7.0_03'
Driver info: driver.version: FirefoxDriver
	at org.openqa.selenium.firefox.internal.NewProfileExtensionConnection.start(NewProfileExtensionConnection.java:134)
	at org.openqa.selenium.firefox.FirefoxDriver.startClient(FirefoxDriver.java:271)
	at org.openqa.selenium.remote.RemoteWebDriver.<init>(RemoteWebDriver.java:119)
	at org.openqa.selenium.firefox.FirefoxDriver.<init>(FirefoxDriver.java:218)
	at org.openqa.selenium.firefox.FirefoxDriver.<init>(FirefoxDriver.java:211)
	at org.openqa.selenium.firefox.FirefoxDriver.<init>(FirefoxDriver.java:207)
	at org.openqa.selenium.firefox.FirefoxDriver.<init>(FirefoxDriver.java:120)
	at automationFramework.MultiBrowser.beforeTest(MultiBrowser.java:30)
	at sun.reflect.NativeMethodAccessorImpl.invoke0(Native Method)
	at sun.reflect.NativeMethodAccessorImpl.invoke(Unknown Source)
	at sun.reflect.DelegatingMethodAccessorImpl.invoke(Unknown Source)
	at java.lang.reflect.Method.invoke(Unknown Source)
	at org.testng.internal.MethodInvocationHelper.invokeMethod(MethodInvocationHelper.java:85)
	at org.testng.internal.Invoker.invokeConfigurationMethod(Invoker.java:510)
	at org.testng.internal.Invoker.invokeConfigurations(Invoker.java:211)
	at org.testng.internal.Invoker.invokeConfigurations(Invoker.java:138)
	at org.testng.internal.TestMethodWorker.invokeBeforeClassMethods(TestMethodWorker.java:170)
	at org.testng.internal.TestMethodWorker.run(TestMethodWorker.java:104)
	at org.testng.TestRunner.privateRun(TestRunner.java:774)
	at org.testng.TestRunner.run(TestRunner.java:624)
	at org.testng.SuiteRunner.runTest(SuiteRunner.java:359)
	at org.testng.SuiteRunner.access$000(SuiteRunner.java:39)
	at org.testng.SuiteRunner$SuiteWorker.run(SuiteRunner.java:393)
	at org.testng.internal.thread.ThreadUtil$2.call(ThreadUtil.java:64)
	at java.util.concurrent.FutureTask$Sync.innerRun(Unknown Source)
	at java.util.concurrent.FutureTask.run(Unknown Source)
	at java.util.concurrent.ThreadPoolExecutor.runWorker(Unknown Source)
	at java.util.concurrent.ThreadPoolExecutor$Worker.run(Unknown Source)
	at java.lang.Thread.run(Unknown Source)
Caused by: org.openqa.selenium.firefox.NotConnectedException: Unable to connect to host 127.0.0.1 on port 7055 after 45000 ms. Firefox console output:
Lab","creator":null,"homepageURL":null},{"locales":["en"],"name":"Kaspersky Protection","description":"Your protection on the Internet with extension from Kaspersky Lab","creator":null,"homepageURL":null},{"locales":["es-MX"],"name":"Kaspersky Protection","description":"Su protecciÃ³n en Internet con la extensiÃ³n de Kaspersky Lab","creator":null,"homepageURL":null},{"locales":["et"],"name":"Kaspersky Kaitse","description":"Your protection on the Internet with extension from Kaspersky Lab","creator":null,"homepageURL":null},{"locales":["fi"],"name":"Kaspersky Protection","description":"Suojauksesi InternetissÃ¤ kÃ¤yttÃ¤en Kaspersky Labin laajennusta","creator":null,"homepageURL":null},{"locales":["fr"],"name":"Kaspersky Protection","description":"Votre protection sur Internet avec l\\","creator":null,"homepageURL":null},{"locales":["hu"],"name":"Kaspersky vï¿½delem","description":"Your protection on the Internet with extension from Kaspersky Lab","creator":null,"homepageURL":null},{"locales":["ja"],"name":"ã‚«ã‚¹ãƒšãƒ«ã‚¹ã‚­ãƒ¼ ãƒ—ãƒ©ã‚°ã‚¤ãƒ³","description":"ã‚¤ãƒ³ã‚¿ãƒ¼ãƒ�ãƒƒãƒˆã‚’å®‰å…¨ã�«ä½¿ç”¨ã�™ã‚‹ã�Ÿã‚�ã�® Kaspersky Lab ã�®æ‹¡å¼µæ©Ÿèƒ½","creator":null,"homepageURL":null},{"locales":["mk"],"name":"Kaspersky Protection","description":"Ð’Ð°ÑˆÐ° Ð·Ð°ÑˆÑ‚Ð¸Ñ‚Ð° Ð½Ð° Ð¸Ð½Ñ‚ÐµÑ€Ð½ÐµÑ‚ Ñ�Ð¾ Ð´Ð¾Ð´Ð°Ñ‚Ð¾Ðº Ð¾Ð´ Kaspersky Lab","creator":null,"homepageURL":null},{"locales":["nb"],"name":"Kaspersky Protection","description":"Din beskyttelse pÃ¥ Internett med utvidelsen fra Kaspersky Lab","creator":null,"homepageURL":null},{"locales":["nl"],"name":"Kaspersky Bescherming","description":"Uw bescherming op het internet met de extensie van Kaspersky Lab","creator":null,"homepageURL":null},{"locales":["pt-BR"],"name":"ProteÃ§Ã£o Kaspersky","description":"Sua proteÃ§Ã£o na Internet com a extensÃ£o da Kaspersky Lab","creator":null,"homepageURL":null},{"locales":["ru"],"name":"Kaspersky Protection","description":"Ð’Ð°ÑˆÐ° Ð·Ð°Ñ‰Ð¸Ñ‚Ð° Ð² Ð¸Ð½Ñ‚ÐµÑ€Ð½ÐµÑ‚Ðµ Ñ� Ñ€Ð°Ñ�ÑˆÐ¸Ñ€ÐµÐ½Ð¸ÐµÐ¼ Ð¾Ñ‚ \\\"Ð›Ð°Ð±Ð¾Ñ€Ð°Ñ‚Ð¾Ñ€Ð¸Ð¸ ÐšÐ°Ñ�Ð¿ÐµÑ€Ñ�ÐºÐ¾Ð³Ð¾\\\"","creator":null,"homepageURL":null},{"locales":["sv"],"name":"Kaspersky Protection","description":"Ditt skydd pÃ¥ internet med tillÃ¤gg frÃ¥n Kaspersky Lab","creator":null,"homepageURL":null},{"locales":["zh-Hans"],"name":"å�¡å·´æ–¯åŸºä¿�æŠ¤","description":"ä½¿ç”¨å�¡å·´æ–¯åŸºå®žéªŒå®¤çš„æ‰©å±•åŠŸèƒ½å¯¹æ‚¨çš„äº’è�”ç½‘çš„ä¿�æŠ¤ã€‚","creator":null,"homepageURL":null}],"targetApplications":[{"id":"{ec8030f7-c20a-464f-9b0e-13a3a9e97384}","minVersion":"26.0","maxVersion":"30.0"}],"targetPlatforms":[],"multiprocessCompatible":false,"signedState":-2}
1455204403046	DeferredSave.extensions.json	DEBUG	Save changes
1455204403046	addons.xpi	DEBUG	Updating database with changes to installed add-ons
1455204403046	addons.xpi-utils	DEBUG	Updating add-on states
1455204403050	addons.xpi-utils	DEBUG	Writing add-ons list
1455204403108	addons.xpi	DEBUG	Registering manifest for C:\Program Files (x86)\Mozilla Firefox\browser\extensions\{82AF8DCA-6DE9-405D-BD5E-43525BDAD38A}.xpi
1455204403115	addons.xpi	DEBUG	Calling bootstrap method startup on {82AF8DCA-6DE9-405D-BD5E-43525BDAD38A} version 8.0.0.9103
1455204403674	addons.manager	DEBUG	Registering shutdown blocker for XPIProvider
1455204403675	addons.manager	DEBUG	Provider finished startup: XPIProvider
1455204403675	addons.manager	DEBUG	Starting provider: LightweightThemeManager
1455204403675	addons.manager	DEBUG	Registering shutdown blocker for LightweightThemeManager
1455204403676	addons.manager	DEBUG	Provider finished startup: LightweightThemeManager
1455204403677	addons.manager	DEBUG	Starting provider: GMPProvider
1455204403718	addons.manager	DEBUG	Registering shutdown blocker for GMPProvider
1455204403718	addons.manager	DEBUG	Provider finished startup: GMPProvider
1455204403719	addons.manager	DEBUG	Starting provider: PluginProvider
1455204403719	addons.manager	DEBUG	Registering shutdown blocker for PluginProvider
1455204403720	addons.manager	DEBUG	Provider finished startup: PluginProvider
1455204403720	addons.manager	DEBUG	Completed startup sequence

	at org.openqa.selenium.firefox.internal.NewProfileExtensionConnection.start(NewProfileExtensionConnection.java:122)
	... 28 more
]]>
    </error>
  </testcase> <!-- login -->
  <testcase name="login" time="5.152" classname="automationFramework.MultiBrowser"/>
</testsuite> <!-- automationFramework.MultiBrowser -->
