<?xml version="1.0" encoding="UTF-8"?>
<!-- Generated by org.testng.reporters.JUnitReportReporter -->
<testsuite hostname="PHEGDE" name="automationFramework.MultiBrowser" tests="3" failures="0" timestamp="5 Feb 2016 16:19:39 GMT" time="9.523" errors="0">
  <testcase name="login" time="4.184" classname="automationFramework.MultiBrowser"/>
  <testcase name="login" time="3.458" classname="automationFramework.MultiBrowser"/>
  <testcase name="login" time="1.881" classname="automationFramework.MultiBrowser"/>
</testsuite> <!-- automationFramework.MultiBrowser -->
