<?xml version="1.0" encoding="UTF-8"?>
<!-- Generated by org.testng.reporters.JUnitReportReporter -->
<testsuite hostname="PHEGDE" name="testNG.Parallel.Test02" tests="1" failures="0" timestamp="11 Feb 2016 16:04:55 GMT" time="19.176" errors="0">
  <testcase name="testLink" time="19.176" classname="testNG.Parallel.Test02"/>
</testsuite> <!-- testNG.Parallel.Test02 -->
