<?xml version="1.0" encoding="UTF-8"?>
<!-- Generated by org.testng.reporters.JUnitReportReporter -->
<testsuite hostname="PHEGDE" name="testNG.Parallel.Test01" tests="1" failures="0" timestamp="11 Feb 2016 16:04:55 GMT" time="27.638" errors="0">
  <testcase name="testLink" time="27.638" classname="testNG.Parallel.Test01"/>
</testsuite> <!-- testNG.Parallel.Test01 -->
