<?xml version="1.0" encoding="UTF-8"?>
<!-- Generated by org.testng.reporters.JUnitReportReporter -->
<testsuite hostname="PHEGDE" name="testNG.Parallel.Test01" tests="1" failures="0" timestamp="24 Jan 2016 06:46:59 GMT" time="20.704" errors="0">
  <testcase name="testLink" time="20.704" classname="testNG.Parallel.Test01"/>
</testsuite> <!-- testNG.Parallel.Test01 -->
