<?xml version="1.0" encoding="UTF-8"?>
<!-- Generated by org.testng.reporters.JUnitReportReporter -->
<testsuite hostname="PHEGDE" name="testNG.Parallel.Test02" tests="1" failures="0" timestamp="24 Jan 2016 06:46:59 GMT" time="15.792" errors="0">
  <testcase name="testLink" time="15.792" classname="testNG.Parallel.Test02"/>
</testsuite> <!-- testNG.Parallel.Test02 -->
